Unity Editor version:    2021.3.9f1 (ad3870b89536)
Branch:                  2021.3/staging
Build type:              Release
Batch mode:              YES
macOS version:           Version 12.5.1 (Build 21G83)
Darwin version:          21.6.0
Architecture:            arm64
Running under Rosetta:   NO
Available memory:        8192 MB
Using pre-set license
Pro License: YES

COMMAND LINE ARGUMENTS:
/opt/homebrew/2021.3.9f1/Unity.app/Contents/MacOS/Unity
-adb2
-batchMode
-noUpm
-name
AssetImportWorker0
-projectPath
/Users/shivam/Documents/GitHub/Game-Project/ParkourGame
-logFile
Logs/AssetImportWorker0.log
-srvPort
51691
Successfully changed project path to: /Users/shivam/Documents/GitHub/Game-Project/ParkourGame
/Users/shivam/Documents/GitHub/Game-Project/ParkourGame
[UnityMemory] Configuration Parameters - Can be set up in boot.config
    "memorysetup-bucket-allocator-granularity=16"
    "memorysetup-bucket-allocator-bucket-count=8"
    "memorysetup-bucket-allocator-block-size=33554432"
    "memorysetup-bucket-allocator-block-count=8"
    "memorysetup-main-allocator-block-size=16777216"
    "memorysetup-thread-allocator-block-size=16777216"
    "memorysetup-gfx-main-allocator-block-size=16777216"
    "memorysetup-gfx-thread-allocator-block-size=16777216"
    "memorysetup-cache-allocator-block-size=4194304"
    "memorysetup-typetree-allocator-block-size=2097152"
    "memorysetup-profiler-bucket-allocator-granularity=16"
    "memorysetup-profiler-bucket-allocator-bucket-count=8"
    "memorysetup-profiler-bucket-allocator-block-size=33554432"
    "memorysetup-profiler-bucket-allocator-block-count=8"
    "memorysetup-profiler-allocator-block-size=16777216"
    "memorysetup-profiler-editor-allocator-block-size=1048576"
    "memorysetup-temp-allocator-size-main=16777216"
    "memorysetup-job-temp-allocator-block-size=2097152"
    "memorysetup-job-temp-allocator-block-size-background=1048576"
    "memorysetup-job-temp-allocator-reduction-small-platforms=262144"
    "memorysetup-temp-allocator-size-background-worker=32768"
    "memorysetup-temp-allocator-size-job-worker=262144"
    "memorysetup-temp-allocator-size-preload-manager=33554432"
    "memorysetup-temp-allocator-size-nav-mesh-worker=65536"
    "memorysetup-temp-allocator-size-audio-worker=65536"
    "memorysetup-temp-allocator-size-cloud-worker=32768"
    "memorysetup-temp-allocator-size-gi-baking-worker=262144"
    "memorysetup-temp-allocator-size-gfx=262144"
Refreshing native plugins compatible for Editor in 71.49 ms, found 2 plugins.
Preloading 0 native plugins for Editor in 0.00 ms.
Initialize engine version: 2021.3.9f1 (ad3870b89536)
[Subsystems] Discovering subsystems at path /opt/homebrew/2021.3.9f1/Unity.app/Contents/Resources/UnitySubsystems
[Subsystems] Discovering subsystems at path /Users/shivam/Documents/GitHub/Game-Project/ParkourGame/Assets
GfxDevice: creating device client; threaded=0; jobified=0
 preferred device: Apple M1 (high power)
Metal devices available: 1
0: Apple M1 (high power)
Using device Apple M1 (high power)
Initializing Metal device caps: Apple M1
Initialize mono
Mono path[0] = '/opt/homebrew/2021.3.9f1/Unity.app/Contents/Managed'
Mono path[1] = '/opt/homebrew/2021.3.9f1/Unity.app/Contents/MonoBleedingEdge/lib/mono/unityjit-macos'
Mono config path = '/opt/homebrew/2021.3.9f1/Unity.app/Contents/MonoBleedingEdge/etc'
Using monoOptions --debugger-agent=transport=dt_socket,embedding=1,server=y,suspend=n,address=127.0.0.1:56418
Begin MonoManager ReloadAssembly
Registering precompiled unity dll's ...
Register platform support module: /opt/homebrew/2021.3.9f1/Unity.app/Contents/PlaybackEngines/MacStandaloneSupport/UnityEditor.OSXStandalone.Extensions.dll
Registered in 0.000868 seconds.
Native extension for OSXStandalone target not found
Refreshing native plugins compatible for Editor in 72.86 ms, found 2 plugins.
Preloading 0 native plugins for Editor in 0.00 ms.
Mono: successfully reloaded assembly
- Completed reload, in  0.421 seconds
Domain Reload Profiling:
	ReloadAssembly (421ms)
		BeginReloadAssembly (70ms)
			ExecutionOrderSort (0ms)
			DisableScriptedObjects (0ms)
			BackupInstance (0ms)
			ReleaseScriptingObjects (0ms)
			CreateAndSetChildDomain (0ms)
		EndReloadAssembly (286ms)
			LoadAssemblies (71ms)
			RebuildTransferFunctionScriptingTraits (0ms)
			SetupTypeCache (65ms)
			ReleaseScriptCaches (0ms)
			RebuildScriptCaches (18ms)
			SetupLoadedEditorAssemblies (177ms)
				LogAssemblyErrors (0ms)
				InitializePlatformSupportModulesInManaged (3ms)
				SetLoadedEditorAssemblies (0ms)
				RefreshPlugins (73ms)
				BeforeProcessingInitializeOnLoad (1ms)
				ProcessInitializeOnLoadAttributes (76ms)
				ProcessInitializeOnLoadMethodAttributes (25ms)
				AfterProcessingInitializeOnLoad (0ms)
				EditorAssembliesLoaded (0ms)
			ExecutionOrderSort2 (0ms)
			AwakeInstancesAfterBackupRestoration (0ms)
Platform modules already initialized, skipping
Registering precompiled user dll's ...
Registered in 0.001623 seconds.
Begin MonoManager ReloadAssembly
Symbol file LoadedFromMemory doesn't match image /Users/shivam/Documents/GitHub/Game-Project/ParkourGame/Library/PackageCache/com.unity.visualscripting@1.7.8/Editor/VisualScripting.Core/Dependencies/YamlDotNet/Unity.VisualScripting.YamlDotNet.dll
Symbol file LoadedFromMemory doesn't match image /Users/shivam/Documents/GitHub/Game-Project/ParkourGame/Library/PackageCache/com.unity.visualscripting@1.7.8/Editor/VisualScripting.Core/Dependencies/DotNetZip/Unity.VisualScripting.IonicZip.dll
Native extension for OSXStandalone target not found
Refreshing native plugins compatible for Editor in 71.12 ms, found 2 plugins.
Preloading 0 native plugins for Editor in 0.00 ms.
Mono: successfully reloaded assembly
- Completed reload, in  0.736 seconds
Domain Reload Profiling:
	ReloadAssembly (737ms)
		BeginReloadAssembly (55ms)
			ExecutionOrderSort (0ms)
			DisableScriptedObjects (3ms)
			BackupInstance (0ms)
			ReleaseScriptingObjects (0ms)
			CreateAndSetChildDomain (12ms)
		EndReloadAssembly (613ms)
			LoadAssemblies (49ms)
			RebuildTransferFunctionScriptingTraits (0ms)
			SetupTypeCache (173ms)
			ReleaseScriptCaches (0ms)
			RebuildScriptCaches (49ms)
			SetupLoadedEditorAssemblies (313ms)
				LogAssemblyErrors (0ms)
				InitializePlatformSupportModulesInManaged (1ms)
				SetLoadedEditorAssemblies (0ms)
				RefreshPlugins (71ms)
				BeforeProcessingInitializeOnLoad (57ms)
				ProcessInitializeOnLoadAttributes (166ms)
				ProcessInitializeOnLoadMethodAttributes (17ms)
				AfterProcessingInitializeOnLoad (0ms)
				EditorAssembliesLoaded (0ms)
			ExecutionOrderSort2 (0ms)
			AwakeInstancesAfterBackupRestoration (2ms)
Platform modules already initialized, skipping
========================================================================
Worker process is ready to serve import requests
Launching external process: /opt/homebrew/2021.3.9f1/Unity.app/Contents/Tools/UnityShaderCompiler
Launched and connected shader compiler UnityShaderCompiler after 0.06 seconds
Refreshing native plugins compatible for Editor in 0.46 ms, found 2 plugins.
Preloading 0 native plugins for Editor in 0.00 ms.
Unloading 3723 Unused Serialized files (Serialized files now loaded: 0)
Unloading 30 unused Assets / (94.4 KB). Loaded Objects now: 4181.
Memory consumption went from 249.3 MB to 249.2 MB.
Total: 2.629292 ms (FindLiveObjects: 0.143250 ms CreateObjectMapping: 0.048084 ms MarkObjects: 2.344958 ms  DeleteObjects: 0.092250 ms)

AssetImportParameters requested are different than current active one (requested -> active):
  custom:video-decoder-ogg-theora: a1e56fd34408186e4bbccfd4996cb3dc -> 
  custom:container-muxer-webm: aa71ff27fc2769a1b78a27578f13a17b -> 
  custom:container-demuxer-webm: 4f35f7cbe854078d1ac9338744f61a02 -> 
  custom:video-encoder-webm-vp8: eb34c28f22e8b96e1ab97ce403110664 -> 
  custom:framework-osx-AVFoundation: e770b220cccbd017edd2c1fefb359320 -> 
  custom:audio-encoder-webm-vorbis: bf7c407c2cedff20999df2af8eb42d56 -> 
  custom:container-demuxer-ogg: 62fdf1f143b41e24485cea50d1cbac27 -> 
  custom:video-decoder-webm-vp8: 9c59270c3fd7afecdb556c50c9e8de78 -> 
  custom:audio-decoder-ogg-vorbis: bf7c407c2cedff20999df2af8eb42d56 -> 
========================================================================
Received Import Request.
  Time since last request: 111732.822079 seconds.
  path: Assets/Materials
  artifactKey: Guid(bca907b2d67e5441da8ea9b4b80fbc8f) Importer(815301076,1909f56bfc062723c751e8b465ee728b)
Start importing Assets/Materials using Guid(bca907b2d67e5441da8ea9b4b80fbc8f) Importer(815301076,1909f56bfc062723c751e8b465ee728b)  -> (artifact id: '8f90bd34d06811141325c487b8aae983') in 0.004740 seconds 
========================================================================
Received Import Request.
  Time since last request: 18.992931 seconds.
  path: Assets/Input/New Controls.inputactions
  artifactKey: Guid(612e6e6c130814369b8f5c511165678c) Importer(815301076,1909f56bfc062723c751e8b465ee728b)
Start importing Assets/Input/New Controls.inputactions using Guid(612e6e6c130814369b8f5c511165678c) Importer(815301076,1909f56bfc062723c751e8b465ee728b)  -> (artifact id: '13962f7dc4d0e5d30f275576ca8c8978') in 0.062771 seconds 
========================================================================
Received Import Request.
  Time since last request: 8.705231 seconds.
  path: Assets/Input/Player Input.inputactions
  artifactKey: Guid(612e6e6c130814369b8f5c511165678c) Importer(815301076,1909f56bfc062723c751e8b465ee728b)
Start importing Assets/Input/Player Input.inputactions using Guid(612e6e6c130814369b8f5c511165678c) Importer(815301076,1909f56bfc062723c751e8b465ee728b)  -> (artifact id: '4ff335222068c84225efe56dcde1f1f9') in 0.002069 seconds 
========================================================================
Received Import Request.
  Time since last request: 428.270609 seconds.
  path: Assets/Input/Player Input.inputactions
  artifactKey: Guid(612e6e6c130814369b8f5c511165678c) Importer(815301076,1909f56bfc062723c751e8b465ee728b)
Start importing Assets/Input/Player Input.inputactions using Guid(612e6e6c130814369b8f5c511165678c) Importer(815301076,1909f56bfc062723c751e8b465ee728b)  -> (artifact id: 'c0d0855d7664732759a128d1c09e36a9') in 0.020201 seconds 
========================================================================
Received Import Request.
  Time since last request: 6.807133 seconds.
  path: Assets/Input/Player Input.inputactions
  artifactKey: Guid(612e6e6c130814369b8f5c511165678c) Importer(815301076,1909f56bfc062723c751e8b465ee728b)
Start importing Assets/Input/Player Input.inputactions using Guid(612e6e6c130814369b8f5c511165678c) Importer(815301076,1909f56bfc062723c751e8b465ee728b)  -> (artifact id: 'a56cf12576ca5d64ca00ab0786982dfa') in 0.001360 seconds 
========================================================================
Received Import Request.
  Time since last request: 3.694741 seconds.
  path: Assets/Input/Player Input.inputactions
  artifactKey: Guid(612e6e6c130814369b8f5c511165678c) Importer(815301076,1909f56bfc062723c751e8b465ee728b)
Start importing Assets/Input/Player Input.inputactions using Guid(612e6e6c130814369b8f5c511165678c) Importer(815301076,1909f56bfc062723c751e8b465ee728b)  -> (artifact id: 'c6db74a2c710988b983101d6141150a7') in 0.001231 seconds 
========================================================================
Received Import Request.
  Time since last request: 3.464896 seconds.
  path: Assets/Input/Player Input.inputactions
  artifactKey: Guid(612e6e6c130814369b8f5c511165678c) Importer(815301076,1909f56bfc062723c751e8b465ee728b)
Start importing Assets/Input/Player Input.inputactions using Guid(612e6e6c130814369b8f5c511165678c) Importer(815301076,1909f56bfc062723c751e8b465ee728b)  -> (artifact id: 'f8414d94dec68c524a49eb581f99271c') in 0.001350 seconds 
========================================================================
Received Import Request.
  Time since last request: 2.873053 seconds.
  path: Assets/Input/Player Input.inputactions
  artifactKey: Guid(612e6e6c130814369b8f5c511165678c) Importer(815301076,1909f56bfc062723c751e8b465ee728b)
Start importing Assets/Input/Player Input.inputactions using Guid(612e6e6c130814369b8f5c511165678c) Importer(815301076,1909f56bfc062723c751e8b465ee728b)  -> (artifact id: 'd2be4439a09809e78198ba04c73f946a') in 0.001107 seconds 
========================================================================
Received Import Request.
  Time since last request: 5.222943 seconds.
  path: Assets/Input/Player Input.inputactions
  artifactKey: Guid(612e6e6c130814369b8f5c511165678c) Importer(815301076,1909f56bfc062723c751e8b465ee728b)
Start importing Assets/Input/Player Input.inputactions using Guid(612e6e6c130814369b8f5c511165678c) Importer(815301076,1909f56bfc062723c751e8b465ee728b)  -> (artifact id: 'f91856c5c2dbb68686ac33e9f4a4e0b9') in 0.001272 seconds 
========================================================================
Received Import Request.
  Time since last request: 4.255642 seconds.
  path: Assets/Input/Player Input.inputactions
  artifactKey: Guid(612e6e6c130814369b8f5c511165678c) Importer(815301076,1909f56bfc062723c751e8b465ee728b)
Start importing Assets/Input/Player Input.inputactions using Guid(612e6e6c130814369b8f5c511165678c) Importer(815301076,1909f56bfc062723c751e8b465ee728b)  -> (artifact id: '16ac4cbe10d466bc842d270389447b6e') in 0.001209 seconds 
========================================================================
Received Import Request.
  Time since last request: 41.639587 seconds.
  path: Assets/Input/Player Input.inputactions
  artifactKey: Guid(612e6e6c130814369b8f5c511165678c) Importer(815301076,1909f56bfc062723c751e8b465ee728b)
Start importing Assets/Input/Player Input.inputactions using Guid(612e6e6c130814369b8f5c511165678c) Importer(815301076,1909f56bfc062723c751e8b465ee728b)  -> (artifact id: 'ef8c2d6577dc6557b5066820f721c9ff') in 0.001384 seconds 
========================================================================
Received Import Request.
  Time since last request: 4.350769 seconds.
  path: Assets/Input/Player Input.inputactions
  artifactKey: Guid(612e6e6c130814369b8f5c511165678c) Importer(815301076,1909f56bfc062723c751e8b465ee728b)
Start importing Assets/Input/Player Input.inputactions using Guid(612e6e6c130814369b8f5c511165678c) Importer(815301076,1909f56bfc062723c751e8b465ee728b)  -> (artifact id: 'eebe18b9a8f93bf14a0b43b1e2f2c0a0') in 0.001194 seconds 
========================================================================
Received Import Request.
  Time since last request: 3.145851 seconds.
  path: Assets/Input/Player Input.inputactions
  artifactKey: Guid(612e6e6c130814369b8f5c511165678c) Importer(815301076,1909f56bfc062723c751e8b465ee728b)
Start importing Assets/Input/Player Input.inputactions using Guid(612e6e6c130814369b8f5c511165678c) Importer(815301076,1909f56bfc062723c751e8b465ee728b)  -> (artifact id: '2ca4c18805fcde541a9f60e400e1428f') in 0.001600 seconds 
========================================================================
Received Import Request.
  Time since last request: 11.400831 seconds.
  path: Assets/Input/Player Input.inputactions
  artifactKey: Guid(612e6e6c130814369b8f5c511165678c) Importer(815301076,1909f56bfc062723c751e8b465ee728b)
Start importing Assets/Input/Player Input.inputactions using Guid(612e6e6c130814369b8f5c511165678c) Importer(815301076,1909f56bfc062723c751e8b465ee728b)  -> (artifact id: '83a4952423fb8e9f8a080778ea74ea6e') in 0.001388 seconds 
========================================================================
Received Import Request.
  Time since last request: 7.846548 seconds.
  path: Assets/Input/Player Input.inputactions
  artifactKey: Guid(612e6e6c130814369b8f5c511165678c) Importer(815301076,1909f56bfc062723c751e8b465ee728b)
Start importing Assets/Input/Player Input.inputactions using Guid(612e6e6c130814369b8f5c511165678c) Importer(815301076,1909f56bfc062723c751e8b465ee728b)  -> (artifact id: 'dae7a82d4ee3f2d498f70e6e4f4afed6') in 0.001139 seconds 
========================================================================
Received Import Request.
  Time since last request: 8.656337 seconds.
  path: Assets/Input/Player Input.inputactions
  artifactKey: Guid(612e6e6c130814369b8f5c511165678c) Importer(815301076,1909f56bfc062723c751e8b465ee728b)
Start importing Assets/Input/Player Input.inputactions using Guid(612e6e6c130814369b8f5c511165678c) Importer(815301076,1909f56bfc062723c751e8b465ee728b)  -> (artifact id: 'ba33472a94be4d8133a7395592d9323d') in 0.001525 seconds 
========================================================================
Received Import Request.
  Time since last request: 4.233387 seconds.
  path: Assets/Input/Player Input.inputactions
  artifactKey: Guid(612e6e6c130814369b8f5c511165678c) Importer(815301076,1909f56bfc062723c751e8b465ee728b)
Start importing Assets/Input/Player Input.inputactions using Guid(612e6e6c130814369b8f5c511165678c) Importer(815301076,1909f56bfc062723c751e8b465ee728b)  -> (artifact id: '0cc1250ef0c0ded91302bfaaa3ca5d25') in 0.001781 seconds 
========================================================================
Received Import Request.
  Time since last request: 10.755425 seconds.
  path: Assets/Input/Player Input.inputactions
  artifactKey: Guid(612e6e6c130814369b8f5c511165678c) Importer(815301076,1909f56bfc062723c751e8b465ee728b)
Start importing Assets/Input/Player Input.inputactions using Guid(612e6e6c130814369b8f5c511165678c) Importer(815301076,1909f56bfc062723c751e8b465ee728b)  -> (artifact id: 'de7473f483268f187e2252d394bb0699') in 0.001642 seconds 
========================================================================
Received Import Request.
  Time since last request: 8.010210 seconds.
  path: Assets/Input/Player Input.inputactions
  artifactKey: Guid(612e6e6c130814369b8f5c511165678c) Importer(815301076,1909f56bfc062723c751e8b465ee728b)
Start importing Assets/Input/Player Input.inputactions using Guid(612e6e6c130814369b8f5c511165678c) Importer(815301076,1909f56bfc062723c751e8b465ee728b)  -> (artifact id: 'c19500d66b7d0d442971e9481c6aa44e') in 0.001433 seconds 
========================================================================
Received Import Request.
  Time since last request: 17.271753 seconds.
  path: Assets/Input/Player Input.inputactions
  artifactKey: Guid(612e6e6c130814369b8f5c511165678c) Importer(815301076,1909f56bfc062723c751e8b465ee728b)
Start importing Assets/Input/Player Input.inputactions using Guid(612e6e6c130814369b8f5c511165678c) Importer(815301076,1909f56bfc062723c751e8b465ee728b)  -> (artifact id: '6038e30d9a5274ff25a2a1d4edd5f99c') in 0.001237 seconds 
========================================================================
Received Import Request.
  Time since last request: 157.107995 seconds.
  path: Assets/Scripts
  artifactKey: Guid(1e5cf2d6ba2864fbb95f66560fcbea65) Importer(815301076,1909f56bfc062723c751e8b465ee728b)
Start importing Assets/Scripts using Guid(1e5cf2d6ba2864fbb95f66560fcbea65) Importer(815301076,1909f56bfc062723c751e8b465ee728b)  -> (artifact id: '15723ee9555a41ed7e28ef15a4298c68') in 0.000880 seconds 
========================================================================
Received Import Request.
  Time since last request: 7.138006 seconds.
  path: Assets/Scripts/PlayerMovement.cs
  artifactKey: Guid(ca0dc22a9bf5142afa851fa4cc92abc5) Importer(815301076,1909f56bfc062723c751e8b465ee728b)
Start importing Assets/Scripts/PlayerMovement.cs using Guid(ca0dc22a9bf5142afa851fa4cc92abc5) Importer(815301076,1909f56bfc062723c751e8b465ee728b)  -> (artifact id: 'b8e8fd2ba489a772f8aaa347bec1d475') in 0.062433 seconds 
========================================================================
Received Prepare
Registering precompiled user dll's ...
Registered in 0.001285 seconds.
Begin MonoManager ReloadAssembly
Thread 0x17e81f000 may have been prematurely finalized
Symbol file LoadedFromMemory doesn't match image /Users/shivam/Documents/GitHub/Game-Project/ParkourGame/Library/PackageCache/com.unity.visualscripting@1.7.8/Editor/VisualScripting.Core/Dependencies/YamlDotNet/Unity.VisualScripting.YamlDotNet.dll
Symbol file LoadedFromMemory doesn't match image /Users/shivam/Documents/GitHub/Game-Project/ParkourGame/Library/PackageCache/com.unity.visualscripting@1.7.8/Editor/VisualScripting.Core/Dependencies/DotNetZip/Unity.VisualScripting.IonicZip.dll
Native extension for OSXStandalone target not found
Refreshing native plugins compatible for Editor in 0.44 ms, found 2 plugins.
Preloading 0 native plugins for Editor in 0.00 ms.
Mono: successfully reloaded assembly
- Completed reload, in  0.702 seconds
Domain Reload Profiling:
	ReloadAssembly (702ms)
		BeginReloadAssembly (129ms)
			ExecutionOrderSort (0ms)
			DisableScriptedObjects (5ms)
			BackupInstance (0ms)
			ReleaseScriptingObjects (0ms)
			CreateAndSetChildDomain (47ms)
		EndReloadAssembly (513ms)
			LoadAssemblies (76ms)
			RebuildTransferFunctionScriptingTraits (0ms)
			SetupTypeCache (187ms)
			ReleaseScriptCaches (1ms)
			RebuildScriptCaches (27ms)
			SetupLoadedEditorAssemblies (204ms)
				LogAssemblyErrors (0ms)
				InitializePlatformSupportModulesInManaged (5ms)
				SetLoadedEditorAssemblies (0ms)
				RefreshPlugins (0ms)
				BeforeProcessingInitializeOnLoad (38ms)
				ProcessInitializeOnLoadAttributes (145ms)
				ProcessInitializeOnLoadMethodAttributes (15ms)
				AfterProcessingInitializeOnLoad (1ms)
				EditorAssembliesLoaded (0ms)
			ExecutionOrderSort2 (0ms)
			AwakeInstancesAfterBackupRestoration (3ms)
Platform modules already initialized, skipping
Refreshing native plugins compatible for Editor in 1.19 ms, found 2 plugins.
Preloading 0 native plugins for Editor in 0.00 ms.
Unloading 3719 Unused Serialized files (Serialized files now loaded: 0)
Unloading 21 unused Assets / (71.3 KB). Loaded Objects now: 4186.
Memory consumption went from 257.6 MB to 257.6 MB.
Total: 2.277292 ms (FindLiveObjects: 0.127292 ms CreateObjectMapping: 0.052542 ms MarkObjects: 2.032125 ms  DeleteObjects: 0.064917 ms)

AssetImportParameters requested are different than current active one (requested -> active):
  custom:video-decoder-ogg-theora: a1e56fd34408186e4bbccfd4996cb3dc -> 
  custom:container-muxer-webm: aa71ff27fc2769a1b78a27578f13a17b -> 
  custom:container-demuxer-webm: 4f35f7cbe854078d1ac9338744f61a02 -> 
  custom:video-encoder-webm-vp8: eb34c28f22e8b96e1ab97ce403110664 -> 
  custom:framework-osx-AVFoundation: e770b220cccbd017edd2c1fefb359320 -> 
  custom:audio-encoder-webm-vorbis: bf7c407c2cedff20999df2af8eb42d56 -> 
  custom:container-demuxer-ogg: 62fdf1f143b41e24485cea50d1cbac27 -> 
  custom:video-decoder-webm-vp8: 9c59270c3fd7afecdb556c50c9e8de78 -> 
  custom:audio-decoder-ogg-vorbis: bf7c407c2cedff20999df2af8eb42d56 -> 
========================================================================
Received Import Request.
  Time since last request: 536.527758 seconds.
  path: Assets/Scripts/PlayerMovement.cs
  artifactKey: Guid(ca0dc22a9bf5142afa851fa4cc92abc5) Importer(815301076,1909f56bfc062723c751e8b465ee728b)
Start importing Assets/Scripts/PlayerMovement.cs using Guid(ca0dc22a9bf5142afa851fa4cc92abc5) Importer(815301076,1909f56bfc062723c751e8b465ee728b)  -> (artifact id: '7854b3c60425da1c7022fb80e0acb82c') in 0.080519 seconds 
========================================================================
Received Import Request.
  Time since last request: 361.057667 seconds.
  path: Assets/Scripts/PlayerMovement.cs
  artifactKey: Guid(ca0dc22a9bf5142afa851fa4cc92abc5) Importer(815301076,1909f56bfc062723c751e8b465ee728b)
Start importing Assets/Scripts/PlayerMovement.cs using Guid(ca0dc22a9bf5142afa851fa4cc92abc5) Importer(815301076,1909f56bfc062723c751e8b465ee728b)  -> (artifact id: '263ee7fcea50143c23dee71d1de0aa6f') in 0.008345 seconds 
========================================================================
Received Prepare
Registering precompiled user dll's ...
Registered in 0.001224 seconds.
Begin MonoManager ReloadAssembly
Thread 0x16bd07000 may have been prematurely finalized
Symbol file LoadedFromMemory doesn't match image /Users/shivam/Documents/GitHub/Game-Project/ParkourGame/Library/PackageCache/com.unity.visualscripting@1.7.8/Editor/VisualScripting.Core/Dependencies/YamlDotNet/Unity.VisualScripting.YamlDotNet.dll
Symbol file LoadedFromMemory doesn't match image /Users/shivam/Documents/GitHub/Game-Project/ParkourGame/Library/PackageCache/com.unity.visualscripting@1.7.8/Editor/VisualScripting.Core/Dependencies/DotNetZip/Unity.VisualScripting.IonicZip.dll
Native extension for OSXStandalone target not found
Refreshing native plugins compatible for Editor in 0.41 ms, found 2 plugins.
Preloading 0 native plugins for Editor in 0.00 ms.
Mono: successfully reloaded assembly
- Completed reload, in  0.671 seconds
Domain Reload Profiling:
	ReloadAssembly (672ms)
		BeginReloadAssembly (124ms)
			ExecutionOrderSort (0ms)
			DisableScriptedObjects (8ms)
			BackupInstance (0ms)
			ReleaseScriptingObjects (0ms)
			CreateAndSetChildDomain (46ms)
		EndReloadAssembly (488ms)
			LoadAssemblies (52ms)
			RebuildTransferFunctionScriptingTraits (0ms)
			SetupTypeCache (197ms)
			ReleaseScriptCaches (1ms)
			RebuildScriptCaches (25ms)
			SetupLoadedEditorAssemblies (195ms)
				LogAssemblyErrors (0ms)
				InitializePlatformSupportModulesInManaged (5ms)
				SetLoadedEditorAssemblies (0ms)
				RefreshPlugins (0ms)
				BeforeProcessingInitializeOnLoad (37ms)
				ProcessInitializeOnLoadAttributes (137ms)
				ProcessInitializeOnLoadMethodAttributes (14ms)
				AfterProcessingInitializeOnLoad (1ms)
				EditorAssembliesLoaded (0ms)
			ExecutionOrderSort2 (0ms)
			AwakeInstancesAfterBackupRestoration (2ms)
Platform modules already initialized, skipping
Refreshing native plugins compatible for Editor in 0.81 ms, found 2 plugins.
Preloading 0 native plugins for Editor in 0.00 ms.
Unloading 3719 Unused Serialized files (Serialized files now loaded: 0)
Unloading 21 unused Assets / (71.1 KB). Loaded Objects now: 4189.
Memory consumption went from 257.9 MB to 257.8 MB.
Total: 2.390833 ms (FindLiveObjects: 0.155917 ms CreateObjectMapping: 0.052542 ms MarkObjects: 2.126000 ms  DeleteObjects: 0.055916 ms)

AssetImportParameters requested are different than current active one (requested -> active):
  custom:video-decoder-ogg-theora: a1e56fd34408186e4bbccfd4996cb3dc -> 
  custom:container-muxer-webm: aa71ff27fc2769a1b78a27578f13a17b -> 
  custom:container-demuxer-webm: 4f35f7cbe854078d1ac9338744f61a02 -> 
  custom:video-encoder-webm-vp8: eb34c28f22e8b96e1ab97ce403110664 -> 
  custom:framework-osx-AVFoundation: e770b220cccbd017edd2c1fefb359320 -> 
  custom:audio-encoder-webm-vorbis: bf7c407c2cedff20999df2af8eb42d56 -> 
  custom:container-demuxer-ogg: 62fdf1f143b41e24485cea50d1cbac27 -> 
  custom:video-decoder-webm-vp8: 9c59270c3fd7afecdb556c50c9e8de78 -> 
  custom:audio-decoder-ogg-vorbis: bf7c407c2cedff20999df2af8eb42d56 -> 
